app/build/outputs/mapping/release/mapping.txt
# compiler: R8
# compiler_version: 8.5.10
# min_api: 21
# common_typos_disable
# {"id":"com.android.tools.r8.mapping","version":"2.2"}
# pg_map_id: 0bb3e81
# pg_map_hash: SHA-256 0bb3e810682e152277b78fd29329469d71727af9b04b1bed33d94bb93f086ed3
app.vercel.test_pwa_ivory_ten.twa.Application -> app.vercel.test_pwa_ivory_ten.twa.Application:
# {"id":"sourceFile","fileName":"Application.java"}
app.vercel.test_pwa_ivory_ten.twa.DelegationService -> app.vercel.test_pwa_ivory_ten.twa.DelegationService:
# {"id":"sourceFile","fileName":"DelegationService.java"}
app.vercel.test_pwa_ivory_ten.twa.LauncherActivity -> app.vercel.test_pwa_ivory_ten.twa.LauncherActivity:
# {"id":"sourceFile","fileName":"LauncherActivity.java"}
    1:1:android.net.Uri getLaunchingUrl():0:0 -> h
...
androidx.core.graphics.drawable.WrappedDrawableState -> k.h:
# {"id":"sourceFile","fileName":"WrappedDrawableState.java"}
    int mChangingConfigurations -> a
    android.graphics.drawable.Drawable$ConstantState mDrawableState -> b
    android.content.res.ColorStateList mTint -> c
    android.graphics.PorterDuff$Mode mTintMode -> d
    1:29:void <init>(androidx.core.graphics.drawable.WrappedDrawableState):0:0 -> <init>
      # {"id":"com.android.tools.r8.residualsignature","signature":"(Lk/h;)V"}
    1:8:boolean canConstantState():0:0 -> a
    1:14:int getChangingConfigurations():0:0 -> getChangingConfigurations
    1:1:android.graphics.drawable.Drawable newDrawable():0:0 -> newDrawable
    2:2:android.graphics.drawable.Drawable newDrawable(android.content.res.Resources):0:0 -> newDrawable
androidx.lifecycle.CompositeGeneratedAdaptersObserver -> androidx.lifecycle.CompositeGeneratedAdaptersObserver:
# {"id":"sourceFile","fileName":"CompositeGeneratedAdaptersObserver.java"}
androidx.lifecycle.FullLifecycleObserverAdapter -> androidx.lifecycle.FullLifecycleObserverAdapter:
# {"id":"sourceFile","fileName":"FullLifecycleObserverAdapter.java"}
androidx.lifecycle.ReflectiveGenericLifecycleObserver -> androidx.lifecycle.ReflectiveGenericLifecycleObserver:
# {"id":"sourceFile","fileName":"ReflectiveGenericLifecycleObserver.java"}
androidx.lifecycle.SingleGeneratedAdapterObserver -> androidx.lifecycle.SingleGeneratedAdapterObserver:
# {"id":"sourceFile","fileName":"SingleGeneratedAdapterObserver.java"}
androidx.versionedparcelable.CustomVersionedParcelable -> androidx.versionedparcelable.CustomVersionedParcelable:
# {"id":"sourceFile","fileName":"CustomVersionedParcelable.java"}
androidx.versionedparcelable.ParcelImpl -> androidx.versionedparcelable.ParcelImpl:
# {"id":"sourceFile","fileName":"ParcelImpl.java"}
    androidx.versionedparcelable.VersionedParcelable mParcel -> a
      # {"id":"com.android.tools.r8.residualsignature","signature":"Ll/a;"}
androidx.versionedparcelable.ParcelImpl$1 -> androidx.versionedparcelable.ParcelImpl$a:
# {"id":"sourceFile","fileName":"ParcelImpl.java"}
    1:1:androidx.versionedparcelable.ParcelImpl createFromParcel(android.os.Parcel):0:0 -> a
    1:1:androidx.versionedparcelable.ParcelImpl[] newArray(int):0:0 -> b
androidx.versionedparcelable.VersionedParcel -> androidx.versionedparcelable.a:
# {"id":"sourceFile","fileName":"VersionedParcel.java"}
    androidx.collection.ArrayMap mReadCache -> a
      # {"id":"com.android.tools.r8.residualsignature","signature":"Lh/a;"}
    androidx.collection.ArrayMap mWriteCache -> b
      # {"id":"com.android.tools.r8.residualsignature","signature":"Lh/a;"}
    androidx.collection.ArrayMap mParcelizerCache -> c
      # {"id":"com.android.tools.r8.residualsignature","signature":"Lh/a;"}
    1:10:void <init>(androidx.collection.ArrayMap,androidx.collection.ArrayMap,androidx.collection.ArrayMap):0:0 -> <init>
      # {"id":"com.android.tools.r8.residualsignature","signature":"(Lh/a;Lh/a;Lh/a;)V"}
    void writeByteArray(byte[]) -> A
    1:1:void writeByteArray(byte[],int):0:0 -> B
    void writeCharSequence(java.lang.CharSequence) -> C
    1:1:void writeCharSequence(java.lang.CharSequence,int):0:0 -> D
    void writeInt(int) -> E
    1:1:void writeInt(int,int):0:0 -> F
    void writeParcelable(android.os.Parcelable) -> G
    1:1:void writeParcelable(android.os.Parcelable,int):0:0 -> H
    void writeString(java.lang.String) -> I
    1:1:void writeString(java.lang.String,int):0:0 -> J
    1:77:void writeToParcel(androidx.versionedparcelable.VersionedParcelable,androidx.versionedparcelable.VersionedParcel):0:0 -> K
      # {"id":"com.android.tools.r8.residualsignature","signature":"(Ll/a;Landroidx/versionedparcelable/a;)V"}