app/build/outputs/mapping/release/usage.txt
app.vercel.test_pwa_ivory_ten.twa.R$bool
app.vercel.test_pwa_ivory_ten.twa.R$color
app.vercel.test_pwa_ivory_ten.twa.R$drawable
app.vercel.test_pwa_ivory_ten.twa.R$integer
app.vercel.test_pwa_ivory_ten.twa.R$mipmap
app.vercel.test_pwa_ivory_ten.twa.R$raw
app.vercel.test_pwa_ivory_ten.twa.R$string
app.vercel.test_pwa_ivory_ten.twa.R$xml
app.vercel.test_pwa_ivory_ten.twa.R
...
androidx.core.graphics.drawable.DrawableCompat:
    private static final java.lang.String TAG
    private static java.lang.reflect.Method sGetLayoutDirectionMethod
    private static boolean sGetLayoutDirectionMethodFetched
    private static java.lang.reflect.Method sSetLayoutDirectionMethod
    private static boolean sSetLayoutDirectionMethodFetched
    private void <init>()
    public static void applyTheme(android.graphics.drawable.Drawable,android.content.res.Resources$Theme)
    public static boolean canApplyTheme(android.graphics.drawable.Drawable)
    public static void clearColorFilter(android.graphics.drawable.Drawable)
    public static int getAlpha(android.graphics.drawable.Drawable)
    public static android.graphics.ColorFilter getColorFilter(android.graphics.drawable.Drawable)
    public static int getLayoutDirection(android.graphics.drawable.Drawable)
    public static void inflate(android.graphics.drawable.Drawable,android.content.res.Resources,org.xmlpull.v1.XmlPullParser,android.util.AttributeSet,android.content.res.Resources$Theme)
    public static boolean isAutoMirrored(android.graphics.drawable.Drawable)
    public static void jumpToCurrentState(android.graphics.drawable.Drawable)
    public static void setAutoMirrored(android.graphics.drawable.Drawable,boolean)
    public static void setHotspot(android.graphics.drawable.Drawable,float,float)
    public static void setHotspotBounds(android.graphics.drawable.Drawable,int,int,int,int)
androidx.core.graphics.drawable.IconCompat$IconType
androidx.core.graphics.drawable.IconCompat:
    private static final float ADAPTIVE_ICON_INSET_FACTOR
    private static final int AMBIENT_SHADOW_ALPHA
    private static final float BLUR_FACTOR
    private static final float DEFAULT_VIEW_PORT_SCALE
    private static final java.lang.String EXTRA_INT1
    private static final java.lang.String EXTRA_INT2
    private static final java.lang.String EXTRA_OBJ
    private static final java.lang.String EXTRA_TINT_LIST
    private static final java.lang.String EXTRA_TINT_MODE
    private static final java.lang.String EXTRA_TYPE
    private static final float ICON_DIAMETER_FACTOR
    private static final int KEY_SHADOW_ALPHA
    private static final float KEY_SHADOW_OFFSET_FACTOR
    private static final java.lang.String TAG
    public static final int TYPE_UNKNOWN
    private void <init>(int)
    public void addToShortcutIntent(android.content.Intent,android.graphics.drawable.Drawable,android.content.Context)
    public void checkResource(android.content.Context)
    public static androidx.core.graphics.drawable.IconCompat createFromBundle(android.os.Bundle)
    public static androidx.core.graphics.drawable.IconCompat createFromIcon(android.content.Context,android.graphics.drawable.Icon)
    public static androidx.core.graphics.drawable.IconCompat createFromIcon(android.graphics.drawable.Icon)
    static android.graphics.Bitmap createLegacyIconFromAdaptiveIcon(android.graphics.Bitmap,boolean)
androidx.core.graphics.drawable.RoundedBitmapDrawable21
androidx.core.graphics.drawable.RoundedBitmapDrawable
androidx.core.graphics.drawable.RoundedBitmapDrawableFactory$DefaultRoundedBitmapDrawable
androidx.core.graphics.drawable.RoundedBitmapDrawableFactory
androidx.core.graphics.drawable.TintAwareDrawable:
    public abstract void setTint(int)
    public abstract void setTintList(android.content.res.ColorStateList)
    public abstract void setTintMode(android.graphics.PorterDuff$Mode)
androidx.core.graphics.drawable.WrappedDrawable
androidx.core.graphics.drawable.WrappedDrawableApi14:
    public final android.graphics.drawable.Drawable getWrappedDrawable()
androidx.core.graphics.drawable.WrappedDrawableApi21:
    private static final java.lang.String TAG
androidx.core.hardware.display.DisplayManagerCompat
androidx.core.hardware.fingerprint.FingerprintManagerCompat$1
androidx.core.hardware.fingerprint.FingerprintManagerCompat$AuthenticationCallback